<?xml version="1.0" encoding="UTF-8"?>
<testsuite xmlns:xsi="http://www.w3.org/2001/XMLSchema-instance" xsi:noNamespaceSchemaLocation="https://maven.apache.org/surefire/maven-surefire-plugin/xsd/surefire-test-report-3.0.xsd" version="3.0" name="com.example.springtut.TestContainerTest" time="3.255" tests="1" errors="0" skipped="0" failures="0">
  <properties>
[...]
</properties>
  <testcase name="canStartDB" classname="com.example.springtut.TestContainerTest" time="0.037">
    <system-out><![CDATA[10:48:30.105 [main] INFO tc.postgres:latest -- Creating container for image: postgres:latest
10:48:30.106 [main] WARN tc.postgres:latest -- Reuse was requested but the environment does not support the reuse of containers
To enable reuse of containers, you must set 'testcontainers.reuse.enable=true' in a file located at C:\Users\shriram\.testcontainers.properties
10:48:30.182 [main] INFO tc.postgres:latest -- Container postgres:latest is starting: 9f2f40f48a8a93724c62b5b9c4b34b0f04379de5673d7b39816c89994253f23b
10:48:32.483 [main] INFO tc.postgres:latest -- Container postgres:latest started in PT2.3795081S
10:48:32.484 [main] INFO tc.postgres:latest -- Container is started (JDBC URL: jdbc:postgresql://localhost:57848/ram-dao?loggerLevel=OFF)
10:48:32.635 [main] INFO org.flywaydb.core.internal.database.base.BaseDatabaseType -- Database: jdbc:postgresql://localhost:57848/ram-dao (PostgreSQL 16.1)
10:48:32.650 [main] WARN org.flywaydb.core.internal.database.base.Database -- Flyway upgrade recommended: PostgreSQL 16.1 is newer than this version of Flyway and support has not been tested. The latest supported version of PostgreSQL is 15.
10:48:32.664 [main] INFO org.flywaydb.core.internal.schemahistory.JdbcTableSchemaHistory -- Schema history table "public"."flyway_schema_history" does not exist yet
10:48:32.667 [main] INFO org.flywaydb.core.internal.command.DbValidate -- Successfully validated 2 migrations (execution time 00:00.011s)
10:48:32.691 [main] INFO org.flywaydb.core.internal.schemahistory.JdbcTableSchemaHistory -- Creating Schema History table "public"."flyway_schema_history" ...
10:48:32.766 [main] INFO org.flywaydb.core.internal.command.DbMigrate -- Current version of schema "public": << Empty Schema >>
10:48:32.776 [main] INFO org.flywaydb.core.internal.command.DbMigrate -- Migrating schema "public" to version "1 - Initial Setup"
10:48:32.823 [main] INFO org.flywaydb.core.internal.command.DbMigrate -- Migrating schema "public" to version "2 - customer unque"
10:48:32.854 [main] INFO org.flywaydb.core.internal.command.DbMigrate -- Successfully applied 2 migrations to schema "public", now at version v2 (execution time 00:00.098s)
]]></system-out>
  </testcase>
</testsuite>