<?xml version="1.0" encoding="UTF-8"?>
<testsuite xmlns:xsi="http://www.w3.org/2001/XMLSchema-instance" xsi:noNamespaceSchemaLocation="https://maven.apache.org/surefire/maven-surefire-plugin/xsd/surefire-test-report-3.0.xsd" version="3.0" name="com.example.springtut.customer.CustomerJDBCDataAccessServiceTest" time="7.549" tests="9" errors="0" skipped="0" failures="0">
  <properties>
[...]
</properties>
  <testcase name="updateEmailCustomer" classname="com.example.springtut.customer.CustomerJDBCDataAccessServiceTest" time="0.625">
    <system-out><![CDATA[10:48:20.088 [main] INFO org.testcontainers.utility.ImageNameSubstitutor -- Image name substitution will be performed by: DefaultImageNameSubstitutor (composite of 'ConfigurationFileImageNameSubstitutor' and 'PrefixingImageNameSubstitutor')
10:48:20.572 [main] INFO org.testcontainers.dockerclient.DockerClientProviderStrategy -- Loaded org.testcontainers.dockerclient.NpipeSocketClientProviderStrategy from ~/.testcontainers.properties, will try it first
10:48:21.170 [main] INFO org.testcontainers.dockerclient.DockerClientProviderStrategy -- Found Docker environment with local Npipe socket (npipe:////./pipe/docker_engine)
10:48:21.173 [main] INFO org.testcontainers.DockerClientFactory -- Docker host IP address is localhost
10:48:21.212 [main] INFO org.testcontainers.DockerClientFactory -- Connected to docker: 
  Server Version: 24.0.6
  API Version: 1.43
  Operating System: Docker Desktop
  Total Memory: 2910 MB
10:48:21.266 [main] INFO tc.testcontainers/ryuk:0.4.0 -- Creating container for image: testcontainers/ryuk:0.4.0
10:48:21.706 [main] INFO tc.testcontainers/ryuk:0.4.0 -- Container testcontainers/ryuk:0.4.0 is starting: cb52f5d162ff247cab3639932ae460bbf18581c0027a13a1024e5da410390eae
10:48:22.339 [main] INFO tc.testcontainers/ryuk:0.4.0 -- Container testcontainers/ryuk:0.4.0 started in PT1.1048837S
10:48:22.353 [main] INFO org.testcontainers.utility.RyukResourceReaper -- Ryuk started - will monitor and terminate Testcontainers containers on JVM exit
10:48:22.353 [main] INFO org.testcontainers.DockerClientFactory -- Checking the system...
10:48:22.355 [main] INFO org.testcontainers.DockerClientFactory -- ?? Docker server version should be at least 1.6.0
10:48:22.356 [main] INFO tc.postgres:latest -- Creating container for image: postgres:latest
10:48:22.360 [main] WARN tc.postgres:latest -- Reuse was requested but the environment does not support the reuse of containers
To enable reuse of containers, you must set 'testcontainers.reuse.enable=true' in a file located at C:\Users\shriram\.testcontainers.properties
10:48:22.412 [main] INFO tc.postgres:latest -- Container postgres:latest is starting: 35aa3d04542722ca8d542948c4c8e846ee3da8b0edcf673a85ef0d2dfd6f242e
10:48:24.704 [main] INFO tc.postgres:latest -- Container postgres:latest started in PT2.347895S
10:48:24.705 [main] INFO tc.postgres:latest -- Container is started (JDBC URL: jdbc:postgresql://localhost:57737/ram-dao?loggerLevel=OFF)
10:48:24.926 [main] INFO org.flywaydb.core.internal.license.VersionPrinter -- Flyway Community Edition 9.16.3 by Redgate
10:48:24.927 [main] INFO org.flywaydb.core.internal.license.VersionPrinter -- See release notes here: https://rd.gt/416ObMi
10:48:24.927 [main] INFO org.flywaydb.core.internal.license.VersionPrinter -- 
10:48:25.300 [main] INFO org.flywaydb.core.internal.database.base.BaseDatabaseType -- Database: jdbc:postgresql://localhost:57737/ram-dao (PostgreSQL 16.1)
10:48:25.329 [main] WARN org.flywaydb.core.internal.database.base.Database -- Flyway upgrade recommended: PostgreSQL 16.1 is newer than this version of Flyway and support has not been tested. The latest supported version of PostgreSQL is 15.
10:48:25.384 [main] INFO org.flywaydb.core.internal.schemahistory.JdbcTableSchemaHistory -- Schema history table "public"."flyway_schema_history" does not exist yet
10:48:25.393 [main] INFO org.flywaydb.core.internal.command.DbValidate -- Successfully validated 2 migrations (execution time 00:00.042s)
10:48:25.432 [main] INFO org.flywaydb.core.internal.schemahistory.JdbcTableSchemaHistory -- Creating Schema History table "public"."flyway_schema_history" ...
10:48:25.528 [main] INFO org.flywaydb.core.internal.command.DbMigrate -- Current version of schema "public": << Empty Schema >>
10:48:25.544 [main] INFO org.flywaydb.core.internal.command.DbMigrate -- Migrating schema "public" to version "1 - Initial Setup"
10:48:25.602 [main] INFO org.flywaydb.core.internal.command.DbMigrate -- Migrating schema "public" to version "2 - customer unque"
10:48:25.632 [main] INFO org.flywaydb.core.internal.command.DbMigrate -- Successfully applied 2 migrations to schema "public", now at version v2 (execution time 00:00.120s)
10:48:26.022 [main] INFO com.zaxxer.hikari.HikariDataSource -- HikariPool-1 - Starting...
10:48:26.091 [main] INFO com.zaxxer.hikari.pool.HikariPool -- HikariPool-1 - Added connection org.postgresql.jdbc.PgConnection@33a47707
10:48:26.094 [main] INFO com.zaxxer.hikari.HikariDataSource -- HikariPool-1 - Start completed.
jdbcTemplate.update = 1
]]></system-out>
  </testcase>
  <testcase name="selectAllCustomers" classname="com.example.springtut.customer.CustomerJDBCDataAccessServiceTest" time="0.053">
    <system-out><![CDATA[10:48:26.290 [main] INFO com.zaxxer.hikari.HikariDataSource -- HikariPool-2 - Starting...
10:48:26.319 [main] INFO com.zaxxer.hikari.pool.HikariPool -- HikariPool-2 - Added connection org.postgresql.jdbc.PgConnection@7ab2ba47
10:48:26.320 [main] INFO com.zaxxer.hikari.HikariDataSource -- HikariPool-2 - Start completed.
jdbcTemplate.update = 1
]]></system-out>
  </testcase>
  <testcase name="existPersonWithId" classname="com.example.springtut.customer.CustomerJDBCDataAccessServiceTest" time="0.107">
    <system-out><![CDATA[10:48:26.346 [main] INFO com.zaxxer.hikari.HikariDataSource -- HikariPool-3 - Starting...
10:48:26.375 [main] INFO com.zaxxer.hikari.pool.HikariPool -- HikariPool-3 - Added connection org.postgresql.jdbc.PgConnection@4751cd3
10:48:26.375 [main] INFO com.zaxxer.hikari.HikariDataSource -- HikariPool-3 - Start completed.
jdbcTemplate.update = 1
]]></system-out>
  </testcase>
  <testcase name="deleteCustomerById" classname="com.example.springtut.customer.CustomerJDBCDataAccessServiceTest" time="0.051">
    <system-out><![CDATA[10:48:26.453 [main] INFO com.zaxxer.hikari.HikariDataSource -- HikariPool-4 - Starting...
10:48:26.487 [main] INFO com.zaxxer.hikari.pool.HikariPool -- HikariPool-4 - Added connection org.postgresql.jdbc.PgConnection@66d2885c
10:48:26.488 [main] INFO com.zaxxer.hikari.HikariDataSource -- HikariPool-4 - Start completed.
jdbcTemplate.update = 1
]]></system-out>
  </testcase>
  <testcase name="existPersonWithEmail" classname="com.example.springtut.customer.CustomerJDBCDataAccessServiceTest" time="0.038">
    <system-out><![CDATA[10:48:26.506 [main] INFO com.zaxxer.hikari.HikariDataSource -- HikariPool-5 - Starting...
10:48:26.532 [main] INFO com.zaxxer.hikari.pool.HikariPool -- HikariPool-5 - Added connection org.postgresql.jdbc.PgConnection@7fac18dc
10:48:26.532 [main] INFO com.zaxxer.hikari.HikariDataSource -- HikariPool-5 - Start completed.
jdbcTemplate.update = 1
]]></system-out>
  </testcase>
  <testcase name="updateAgeCustomer" classname="com.example.springtut.customer.CustomerJDBCDataAccessServiceTest" time="0.049">
    <system-out><![CDATA[10:48:26.544 [main] INFO com.zaxxer.hikari.HikariDataSource -- HikariPool-6 - Starting...
10:48:26.569 [main] INFO com.zaxxer.hikari.pool.HikariPool -- HikariPool-6 - Added connection org.postgresql.jdbc.PgConnection@353b0719
10:48:26.570 [main] INFO com.zaxxer.hikari.HikariDataSource -- HikariPool-6 - Start completed.
jdbcTemplate.update = 1
]]></system-out>
  </testcase>
  <testcase name="updateNameCustomer" classname="com.example.springtut.customer.CustomerJDBCDataAccessServiceTest" time="0.049">
    <system-out><![CDATA[10:48:26.593 [main] INFO com.zaxxer.hikari.HikariDataSource -- HikariPool-7 - Starting...
10:48:26.622 [main] INFO com.zaxxer.hikari.pool.HikariPool -- HikariPool-7 - Added connection org.postgresql.jdbc.PgConnection@708769b7
10:48:26.622 [main] INFO com.zaxxer.hikari.HikariDataSource -- HikariPool-7 - Start completed.
jdbcTemplate.update = 1
7
]]></system-out>
  </testcase>
  <testcase name="selectCustomerById" classname="com.example.springtut.customer.CustomerJDBCDataAccessServiceTest" time="0.048">
    <system-out><![CDATA[10:48:26.645 [main] INFO com.zaxxer.hikari.HikariDataSource -- HikariPool-8 - Starting...
10:48:26.677 [main] INFO com.zaxxer.hikari.pool.HikariPool -- HikariPool-8 - Added connection org.postgresql.jdbc.PgConnection@63262071
10:48:26.678 [main] INFO com.zaxxer.hikari.HikariDataSource -- HikariPool-8 - Start completed.
jdbcTemplate.update = 1
]]></system-out>
  </testcase>
  <testcase name="insertCustomer" classname="com.example.springtut.customer.CustomerJDBCDataAccessServiceTest" time="0.039">
    <system-out><![CDATA[10:48:26.695 [main] INFO com.zaxxer.hikari.HikariDataSource -- HikariPool-9 - Starting...
10:48:26.723 [main] INFO com.zaxxer.hikari.pool.HikariPool -- HikariPool-9 - Added connection org.postgresql.jdbc.PgConnection@33187485
10:48:26.723 [main] INFO com.zaxxer.hikari.HikariDataSource -- HikariPool-9 - Start completed.
jdbcTemplate.update = 1
]]></system-out>
  </testcase>
</testsuite>